[2019-03-23 13:06:45.007] [exthost1] [info] extension host started
[2019-03-23 13:06:45.164] [exthost1] [info] ExtensionService#_doActivateExtension vscode.debug-auto-launch {"startup":true,"activationEvent":"*"}
[2019-03-23 13:06:45.165] [exthost1] [info] ExtensionService#loadCommonJSModule c:\Users\Manisha\.codemix\engine\resources\app\extensions\debug-auto-launch\out\extension
[2019-03-23 13:06:45.677] [exthost1] [info] ExtensionService#_doActivateExtension vscode.emmet {"startup":true,"activationEvent":"*"}
[2019-03-23 13:06:45.677] [exthost1] [info] ExtensionService#loadCommonJSModule c:\Users\Manisha\.codemix\engine\resources\app\extensions\emmet\dist\extension
[2019-03-23 13:06:46.297] [exthost1] [info] ExtensionService#_doActivateExtension vscode.merge-conflict {"startup":true,"activationEvent":"*"}
[2019-03-23 13:06:46.297] [exthost1] [info] ExtensionService#loadCommonJSModule c:\Users\Manisha\.codemix\engine\resources\app\extensions\merge-conflict\out\extension
[2019-03-23 13:06:49.502] [exthost1] [info] ExtensionService#_doActivateExtension vscode.search-rg {"startup":true,"activationEvent":"*"}
[2019-03-23 13:06:49.502] [exthost1] [info] ExtensionService#loadCommonJSModule c:\Users\Manisha\.codemix\engine\resources\app\extensions\search-rg\out\extension
[2019-03-23 13:06:50.152] [exthost1] [info] ExtensionService#_doActivateExtension christian-kohler.path-intellisense {"startup":true,"activationEvent":"*"}
[2019-03-23 13:06:50.152] [exthost1] [info] ExtensionService#loadCommonJSModule C:\Users\Manisha\.codemix\extensions\christian-kohler.path-intellisense-1.4.2\out\src\extension
[2019-03-23 13:06:51.439] [exthost1] [info] ExtensionService#_doActivateExtension dbaeumer.vscode-eslint {"startup":true,"activationEvent":"*"}
[2019-03-23 13:06:51.439] [exthost1] [info] ExtensionService#loadCommonJSModule C:\Users\Manisha\.codemix\extensions\dbaeumer.vscode-eslint-1.4.10\client\out\extension
[2019-03-23 13:06:53.168] [exthost1] [info] ExtensionService#_doActivateExtension formulahendry.auto-close-tag {"startup":true,"activationEvent":"*"}
[2019-03-23 13:06:53.168] [exthost1] [info] ExtensionService#loadCommonJSModule C:\Users\Manisha\.codemix\extensions\formulahendry.auto-close-tag-0.5.6\out\src\extension
[2019-03-23 13:06:53.217] [exthost1] [info] ExtensionService#_doActivateExtension formulahendry.auto-rename-tag {"startup":true,"activationEvent":"*"}
[2019-03-23 13:06:53.217] [exthost1] [info] ExtensionService#loadCommonJSModule C:\Users\Manisha\.codemix\extensions\formulahendry.auto-rename-tag-0.0.15\out\src\extension
[2019-03-23 13:06:53.267] [exthost1] [info] eager extensions activated
[2019-03-23 13:06:53.267] [exthost1] [info] ExtensionService#_doActivateExtension vscode.configuration-editing {"startup":false,"activationEvent":"onLanguage:jsonc"}
[2019-03-23 13:06:53.268] [exthost1] [info] ExtensionService#loadCommonJSModule c:\Users\Manisha\.codemix\engine\resources\app\extensions\configuration-editing\out\extension
[2019-03-23 13:06:53.472] [exthost1] [info] ExtensionService#_doActivateExtension vscode.json-language-features {"startup":false,"activationEvent":"onLanguage:jsonc"}
[2019-03-23 13:06:53.472] [exthost1] [info] ExtensionService#loadCommonJSModule c:\Users\Manisha\.codemix\engine\resources\app\extensions\json-language-features\client\dist\jsonMain
[2019-03-23 13:06:55.242] [exthost1] [info] ExtensionService#_doActivateExtension vscode.typescript-language-features {"startup":false,"activationEvent":"onLanguage:jsonc"}
[2019-03-23 13:06:55.243] [exthost1] [info] ExtensionService#loadCommonJSModule c:\Users\Manisha\.codemix\engine\resources\app\extensions\typescript-language-features\dist\extension
[2019-03-23 13:06:56.803] [exthost1] [info] ExtensionService#_doActivateExtension vscode.grunt {"startup":false,"activationEvent":"onCommand:workbench.action.tasks.runTask"}
[2019-03-23 13:06:56.803] [exthost1] [info] ExtensionService#loadCommonJSModule c:\Users\Manisha\.codemix\engine\resources\app\extensions\grunt\out\main
[2019-03-23 13:06:57.162] [exthost1] [info] ExtensionService#_doActivateExtension vscode.gulp {"startup":false,"activationEvent":"onCommand:workbench.action.tasks.runTask"}
[2019-03-23 13:06:57.162] [exthost1] [info] ExtensionService#loadCommonJSModule c:\Users\Manisha\.codemix\engine\resources\app\extensions\gulp\out\main
[2019-03-23 13:06:57.556] [exthost1] [info] ExtensionService#_doActivateExtension vscode.jake {"startup":false,"activationEvent":"onCommand:workbench.action.tasks.runTask"}
[2019-03-23 13:06:57.556] [exthost1] [info] ExtensionService#loadCommonJSModule c:\Users\Manisha\.codemix\engine\resources\app\extensions\jake\out\main
[2019-03-23 13:06:57.943] [exthost1] [info] ExtensionService#_doActivateExtension vscode.npm {"startup":false,"activationEvent":"onCommand:workbench.action.tasks.runTask"}
[2019-03-23 13:06:57.943] [exthost1] [info] ExtensionService#loadCommonJSModule c:\Users\Manisha\.codemix\engine\resources\app\extensions\npm\out\main
